{
  "RSpec": {
    "coverage": {
      "/Users/pxn1/BoxSync/pxn/projects/RoR/coderschool/w3/w3_xTicket/app/helpers/application_helper.rb": [
        1,
        1,
        0,
        null,
        null,
        1,
        null,
        0,
        0,
        null,
        0,
        null,
        null
      ],
      "/Users/pxn1/BoxSync/pxn/projects/RoR/coderschool/w3/w3_xTicket/app/helpers/events_helper.rb": [
        1,
        1,
        0,
        null,
        null,
        1,
        null,
        0,
        null,
        null,
        null,
        1,
        null,
        0,
        null,
        null
      ],
      "/Users/pxn1/BoxSync/pxn/projects/RoR/coderschool/w3/w3_xTicket/app/helpers/sessions_helper.rb": [
        1,
        null
      ],
      "/Users/pxn1/BoxSync/pxn/projects/RoR/coderschool/w3/w3_xTicket/app/helpers/ticket_types_helper.rb": [
        1,
        null
      ],
      "/Users/pxn1/BoxSync/pxn/projects/RoR/coderschool/w3/w3_xTicket/app/helpers/tickets_helper.rb": [
        1,
        null
      ],
      "/Users/pxn1/BoxSync/pxn/projects/RoR/coderschool/w3/w3_xTicket/app/helpers/users_helper.rb": [
        1,
        null
      ],
      "/Users/pxn1/BoxSync/pxn/projects/RoR/coderschool/w3/w3_xTicket/app/helpers/venues_helper.rb": [
        1,
        null
      ],
      "/Users/pxn1/BoxSync/pxn/projects/RoR/coderschool/w3/w3_xTicket/app/models/event.rb": [
        1,
        1,
        1,
        1,
        null,
        1,
        1,
        null,
        1,
        0,
        null,
        null,
        1,
        0,
        null,
        null,
        1,
        0,
        null,
        null
      ],
      "/Users/pxn1/BoxSync/pxn/projects/RoR/coderschool/w3/w3_xTicket/app/models/venue.rb": [
        1,
        1,
        1,
        1,
        null
      ],
      "/Users/pxn1/BoxSync/pxn/projects/RoR/coderschool/w3/w3_xTicket/app/models/category.rb": [
        1,
        1,
        1,
        null
      ],
      "/Users/pxn1/BoxSync/pxn/projects/RoR/coderschool/w3/w3_xTicket/app/controllers/application_controller.rb": [
        0,
        0,
        0,
        0,
        0,
        0,
        0,
        0,
        0,
        0,
        0
      ],
      "/Users/pxn1/BoxSync/pxn/projects/RoR/coderschool/w3/w3_xTicket/app/controllers/events_controller.rb": [
        0,
        0,
        0,
        0,
        0,
        0,
        0,
        0,
        0,
        0,
        0,
        0,
        0,
        0,
        0,
        0,
        0,
        0,
        0,
        0,
        0,
        0,
        0,
        0,
        0,
        0,
        0,
        0,
        0,
        0,
        0,
        0,
        0,
        0,
        0,
        0,
        0,
        0,
        0,
        0,
        0,
        0,
        0,
        0,
        0,
        0,
        0,
        0,
        0,
        0,
        0,
        0,
        0,
        0,
        0,
        0,
        0,
        0,
        0,
        0,
        0,
        0,
        0,
        0,
        0,
        0,
        0,
        0,
        0,
        0,
        0,
        0,
        0,
        0,
        0,
        0
      ],
      "/Users/pxn1/BoxSync/pxn/projects/RoR/coderschool/w3/w3_xTicket/app/controllers/sessions_controller.rb": [
        0,
        0,
        0,
        0,
        0,
        0,
        0,
        0,
        0,
        0,
        0,
        0,
        0,
        0,
        0,
        0,
        0,
        0,
        0,
        0,
        0,
        0,
        0,
        0,
        0,
        0,
        0,
        0,
        0,
        0,
        0,
        0,
        0
      ],
      "/Users/pxn1/BoxSync/pxn/projects/RoR/coderschool/w3/w3_xTicket/app/controllers/ticket_types_controller.rb": [
        0,
        0,
        0,
        0,
        0,
        0,
        0,
        0,
        0,
        0,
        0,
        0,
        0,
        0,
        0,
        0,
        0,
        0,
        0,
        0,
        0,
        0,
        0,
        0,
        0,
        0,
        0,
        0,
        0,
        0,
        0,
        0,
        0,
        0,
        0,
        0,
        0,
        0,
        0
      ],
      "/Users/pxn1/BoxSync/pxn/projects/RoR/coderschool/w3/w3_xTicket/app/controllers/tickets_controller.rb": [
        0,
        0,
        0,
        0,
        0
      ],
      "/Users/pxn1/BoxSync/pxn/projects/RoR/coderschool/w3/w3_xTicket/app/controllers/users_controller.rb": [
        0,
        0,
        0,
        0,
        0,
        0,
        0,
        0,
        0,
        0,
        0,
        0,
        0,
        0,
        0,
        0,
        0,
        0,
        0,
        0,
        0,
        0,
        0,
        0,
        0
      ],
      "/Users/pxn1/BoxSync/pxn/projects/RoR/coderschool/w3/w3_xTicket/app/controllers/venues_controller.rb": [
        0,
        0,
        0,
        0,
        0,
        0,
        0,
        0,
        0,
        0,
        0,
        0,
        0,
        0,
        0,
        0,
        0,
        0,
        0,
        0,
        0,
        0,
        0,
        0,
        0,
        0,
        0,
        0
      ],
      "/Users/pxn1/BoxSync/pxn/projects/RoR/coderschool/w3/w3_xTicket/app/models/region.rb": [
        0,
        0,
        0,
        0
      ],
      "/Users/pxn1/BoxSync/pxn/projects/RoR/coderschool/w3/w3_xTicket/app/models/ticket_type.rb": [
        0,
        0,
        0
      ],
      "/Users/pxn1/BoxSync/pxn/projects/RoR/coderschool/w3/w3_xTicket/app/models/user.rb": [
        0,
        0,
        0,
        0,
        0,
        0,
        0,
        0,
        0,
        0,
        0,
        0,
        0,
        0,
        0,
        0,
        0,
        0
      ]
    },
    "timestamp": 1469380257
  }
}
